{"level":"info","message":"Cleaning up any stuck processing sessions from previous runs...","timestamp":"2026-04-30 09:40:57"}
{"level":"info","message":"Worker IPC server listening on 127.0.0.1:3001","timestamp":"2026-04-30 09:40:57"}
{"level":"info","message":"Starting worker with polling interval: 60s","timestamp":"2026-04-30 09:40:57"}
{"level":"info","message":"[2026-04-30T09:40:57.711Z] Starting polling cycle...","timestamp":"2026-04-30 09:40:57"}
{"level":"warn","message":"Worker paused: Encryption key not yet loaded. Please log in via Web UI.","timestamp":"2026-04-30 09:40:57"}
{"level":"info","message":"Skipping cycle: No GitHub Token configured anywhere.","timestamp":"2026-04-30 09:40:57"}
{"level":"warn","message":"Worker paused: Encryption key not yet loaded. Please log in via Web UI.","timestamp":"2026-04-30 09:41:02"}
{"level":"warn","message":"Worker paused: Encryption key not yet loaded. Please log in via Web UI.","timestamp":"2026-04-30 09:41:07"}
{"level":"warn","message":"Worker paused: Encryption key not yet loaded. Please log in via Web UI.","timestamp":"2026-04-30 09:41:12"}
{"level":"warn","message":"Worker paused: Encryption key not yet loaded. Please log in via Web UI.","timestamp":"2026-04-30 09:41:17"}
{"level":"warn","message":"Worker paused: Encryption key not yet loaded. Please log in via Web UI.","timestamp":"2026-04-30 09:41:22"}
{"level":"warn","message":"Worker paused: Encryption key not yet loaded. Please log in via Web UI.","timestamp":"2026-04-30 09:41:27"}
{"level":"warn","message":"Worker paused: Encryption key not yet loaded. Please log in via Web UI.","timestamp":"2026-04-30 09:41:32"}
{"level":"warn","message":"Worker paused: Encryption key not yet loaded. Please log in via Web UI.","timestamp":"2026-04-30 09:41:37"}
{"level":"warn","message":"Worker paused: Encryption key not yet loaded. Please log in via Web UI.","timestamp":"2026-04-30 09:41:42"}
{"level":"warn","message":"Worker paused: Encryption key not yet loaded. Please log in via Web UI.","timestamp":"2026-04-30 09:41:47"}
{"level":"warn","message":"Worker paused: Encryption key not yet loaded. Please log in via Web UI.","timestamp":"2026-04-30 09:41:52"}
{"level":"warn","message":"Worker paused: Encryption key not yet loaded. Please log in via Web UI.","timestamp":"2026-04-30 09:41:57"}
{"level":"info","message":"[2026-04-30T09:41:57.711Z] Starting polling cycle...","timestamp":"2026-04-30 09:41:57"}
{"level":"warn","message":"Worker paused: Encryption key not yet loaded. Please log in via Web UI.","timestamp":"2026-04-30 09:41:57"}
{"level":"info","message":"Skipping cycle: No GitHub Token configured anywhere.","timestamp":"2026-04-30 09:41:57"}
{"level":"warn","message":"Worker paused: Encryption key not yet loaded. Please log in via Web UI.","timestamp":"2026-04-30 09:42:02"}
{"level":"warn","message":"Worker paused: Encryption key not yet loaded. Please log in via Web UI.","timestamp":"2026-04-30 09:42:07"}
{"level":"warn","message":"Worker paused: Encryption key not yet loaded. Please log in via Web UI.","timestamp":"2026-04-30 09:42:12"}
{"level":"warn","message":"Worker paused: Encryption key not yet loaded. Please log in via Web UI.","timestamp":"2026-04-30 09:42:17"}
{"level":"warn","message":"Worker paused: Encryption key not yet loaded. Please log in via Web UI.","timestamp":"2026-04-30 09:42:22"}
{"level":"warn","message":"Worker paused: Encryption key not yet loaded. Please log in via Web UI.","timestamp":"2026-04-30 09:42:27"}
{"level":"warn","message":"Worker paused: Encryption key not yet loaded. Please log in via Web UI.","timestamp":"2026-04-30 09:42:32"}
{"level":"warn","message":"Worker paused: Encryption key not yet loaded. Please log in via Web UI.","timestamp":"2026-04-30 09:42:37"}
{"level":"warn","message":"Worker paused: Encryption key not yet loaded. Please log in via Web UI.","timestamp":"2026-04-30 09:42:42"}
{"level":"warn","message":"Worker paused: Encryption key not yet loaded. Please log in via Web UI.","timestamp":"2026-04-30 09:42:47"}
{"level":"warn","message":"Worker paused: Encryption key not yet loaded. Please log in via Web UI.","timestamp":"2026-04-30 09:42:52"}
{"level":"warn","message":"Worker paused: Encryption key not yet loaded. Please log in via Web UI.","timestamp":"2026-04-30 09:42:57"}
{"level":"info","message":"[2026-04-30T09:42:57.712Z] Starting polling cycle...","timestamp":"2026-04-30 09:42:57"}
{"level":"warn","message":"Worker paused: Encryption key not yet loaded. Please log in via Web UI.","timestamp":"2026-04-30 09:42:57"}
{"level":"info","message":"Skipping cycle: No GitHub Token configured anywhere.","timestamp":"2026-04-30 09:42:57"}
{"level":"warn","message":"Worker paused: Encryption key not yet loaded. Please log in via Web UI.","timestamp":"2026-04-30 09:43:02"}
{"level":"warn","message":"Worker paused: Encryption key not yet loaded. Please log in via Web UI.","timestamp":"2026-04-30 09:43:07"}
{"level":"warn","message":"Worker paused: Encryption key not yet loaded. Please log in via Web UI.","timestamp":"2026-04-30 09:43:12"}
{"level":"warn","message":"Worker paused: Encryption key not yet loaded. Please log in via Web UI.","timestamp":"2026-04-30 09:43:17"}
{"level":"warn","message":"Worker paused: Encryption key not yet loaded. Please log in via Web UI.","timestamp":"2026-04-30 09:43:22"}
{"level":"warn","message":"Worker paused: Encryption key not yet loaded. Please log in via Web UI.","timestamp":"2026-04-30 09:43:27"}
{"level":"warn","message":"Worker paused: Encryption key not yet loaded. Please log in via Web UI.","timestamp":"2026-04-30 09:43:32"}
{"level":"warn","message":"Worker paused: Encryption key not yet loaded. Please log in via Web UI.","timestamp":"2026-04-30 09:43:37"}
{"level":"warn","message":"Worker paused: Encryption key not yet loaded. Please log in via Web UI.","timestamp":"2026-04-30 09:43:42"}
{"level":"warn","message":"Worker paused: Encryption key not yet loaded. Please log in via Web UI.","timestamp":"2026-04-30 09:43:47"}
{"level":"warn","message":"Worker paused: Encryption key not yet loaded. Please log in via Web UI.","timestamp":"2026-04-30 09:43:52"}
{"level":"warn","message":"Worker paused: Encryption key not yet loaded. Please log in via Web UI.","timestamp":"2026-04-30 09:43:57"}
{"level":"info","message":"[2026-04-30T09:43:57.713Z] Starting polling cycle...","timestamp":"2026-04-30 09:43:57"}
{"level":"warn","message":"Worker paused: Encryption key not yet loaded. Please log in via Web UI.","timestamp":"2026-04-30 09:43:57"}
{"level":"info","message":"Skipping cycle: No GitHub Token configured anywhere.","timestamp":"2026-04-30 09:43:57"}
{"level":"warn","message":"Worker paused: Encryption key not yet loaded. Please log in via Web UI.","timestamp":"2026-04-30 09:44:02"}
{"level":"warn","message":"Worker paused: Encryption key not yet loaded. Please log in via Web UI.","timestamp":"2026-04-30 09:44:07"}
{"level":"warn","message":"Worker paused: Encryption key not yet loaded. Please log in via Web UI.","timestamp":"2026-04-30 09:44:12"}
{"level":"warn","message":"Worker paused: Encryption key not yet loaded. Please log in via Web UI.","timestamp":"2026-04-30 09:44:17"}
{"level":"warn","message":"Worker paused: Encryption key not yet loaded. Please log in via Web UI.","timestamp":"2026-04-30 09:44:22"}
{"level":"warn","message":"Worker paused: Encryption key not yet loaded. Please log in via Web UI.","timestamp":"2026-04-30 09:44:27"}
{"level":"warn","message":"Worker paused: Encryption key not yet loaded. Please log in via Web UI.","timestamp":"2026-04-30 09:44:32"}
{"level":"warn","message":"Worker paused: Encryption key not yet loaded. Please log in via Web UI.","timestamp":"2026-04-30 09:44:37"}
{"level":"warn","message":"Worker paused: Encryption key not yet loaded. Please log in via Web UI.","timestamp":"2026-04-30 09:44:42"}
{"level":"warn","message":"Worker paused: Encryption key not yet loaded. Please log in via Web UI.","timestamp":"2026-04-30 09:44:47"}
{"level":"warn","message":"Worker paused: Encryption key not yet loaded. Please log in via Web UI.","timestamp":"2026-04-30 09:44:52"}
{"level":"warn","message":"Worker paused: Encryption key not yet loaded. Please log in via Web UI.","timestamp":"2026-04-30 09:44:57"}
{"level":"info","message":"[2026-04-30T09:44:57.713Z] Starting polling cycle...","timestamp":"2026-04-30 09:44:57"}
{"level":"warn","message":"Worker paused: Encryption key not yet loaded. Please log in via Web UI.","timestamp":"2026-04-30 09:44:57"}
{"level":"info","message":"Skipping cycle: No GitHub Token configured anywhere.","timestamp":"2026-04-30 09:44:57"}
{"level":"warn","message":"Worker paused: Encryption key not yet loaded. Please log in via Web UI.","timestamp":"2026-04-30 09:45:02"}
{"level":"warn","message":"Worker paused: Encryption key not yet loaded. Please log in via Web UI.","timestamp":"2026-04-30 09:45:07"}
{"level":"warn","message":"Worker paused: Encryption key not yet loaded. Please log in via Web UI.","timestamp":"2026-04-30 09:45:12"}
{"level":"warn","message":"Worker paused: Encryption key not yet loaded. Please log in via Web UI.","timestamp":"2026-04-30 09:45:17"}
{"level":"warn","message":"Worker paused: Encryption key not yet loaded. Please log in via Web UI.","timestamp":"2026-04-30 09:45:22"}
{"level":"warn","message":"Worker paused: Encryption key not yet loaded. Please log in via Web UI.","timestamp":"2026-04-30 09:45:27"}
{"level":"warn","message":"Worker paused: Encryption key not yet loaded. Please log in via Web UI.","timestamp":"2026-04-30 09:45:32"}
{"level":"warn","message":"Worker paused: Encryption key not yet loaded. Please log in via Web UI.","timestamp":"2026-04-30 09:45:37"}
{"level":"warn","message":"Worker paused: Encryption key not yet loaded. Please log in via Web UI.","timestamp":"2026-04-30 09:45:42"}
{"level":"warn","message":"Worker paused: Encryption key not yet loaded. Please log in via Web UI.","timestamp":"2026-04-30 09:45:47"}
{"level":"warn","message":"Worker paused: Encryption key not yet loaded. Please log in via Web UI.","timestamp":"2026-04-30 09:45:52"}
{"level":"warn","message":"Worker paused: Encryption key not yet loaded. Please log in via Web UI.","timestamp":"2026-04-30 09:45:57"}
{"level":"info","message":"[2026-04-30T09:45:57.714Z] Starting polling cycle...","timestamp":"2026-04-30 09:45:57"}
{"level":"warn","message":"Worker paused: Encryption key not yet loaded. Please log in via Web UI.","timestamp":"2026-04-30 09:45:57"}
{"level":"info","message":"Skipping cycle: No GitHub Token configured anywhere.","timestamp":"2026-04-30 09:45:57"}
{"level":"warn","message":"Worker paused: Encryption key not yet loaded. Please log in via Web UI.","timestamp":"2026-04-30 09:46:02"}
{"level":"warn","message":"Worker paused: Encryption key not yet loaded. Please log in via Web UI.","timestamp":"2026-04-30 09:46:07"}
{"level":"warn","message":"Worker paused: Encryption key not yet loaded. Please log in via Web UI.","timestamp":"2026-04-30 09:46:12"}
{"level":"warn","message":"Worker paused: Encryption key not yet loaded. Please log in via Web UI.","timestamp":"2026-04-30 09:46:17"}
{"level":"warn","message":"Worker paused: Encryption key not yet loaded. Please log in via Web UI.","timestamp":"2026-04-30 09:46:22"}
{"level":"warn","message":"Worker paused: Encryption key not yet loaded. Please log in via Web UI.","timestamp":"2026-04-30 09:46:27"}
{"level":"warn","message":"Worker paused: Encryption key not yet loaded. Please log in via Web UI.","timestamp":"2026-04-30 09:46:32"}
{"level":"warn","message":"Worker paused: Encryption key not yet loaded. Please log in via Web UI.","timestamp":"2026-04-30 09:46:37"}
{"level":"warn","message":"Worker paused: Encryption key not yet loaded. Please log in via Web UI.","timestamp":"2026-04-30 09:46:42"}
{"level":"warn","message":"Worker paused: Encryption key not yet loaded. Please log in via Web UI.","timestamp":"2026-04-30 09:46:47"}
{"level":"warn","message":"Worker paused: Encryption key not yet loaded. Please log in via Web UI.","timestamp":"2026-04-30 09:46:52"}
{"level":"info","message":"[2026-04-30T09:46:57.715Z] Starting polling cycle...","timestamp":"2026-04-30 09:46:57"}
{"level":"warn","message":"Worker paused: Encryption key not yet loaded. Please log in via Web UI.","timestamp":"2026-04-30 09:46:57"}
{"level":"info","message":"Skipping cycle: No GitHub Token configured anywhere.","timestamp":"2026-04-30 09:46:57"}
{"level":"warn","message":"Worker paused: Encryption key not yet loaded. Please log in via Web UI.","timestamp":"2026-04-30 09:46:57"}
{"level":"warn","message":"Worker paused: Encryption key not yet loaded. Please log in via Web UI.","timestamp":"2026-04-30 09:47:02"}
{"level":"warn","message":"Worker paused: Encryption key not yet loaded. Please log in via Web UI.","timestamp":"2026-04-30 09:47:07"}
{"level":"warn","message":"Worker paused: Encryption key not yet loaded. Please log in via Web UI.","timestamp":"2026-04-30 09:47:12"}
{"level":"warn","message":"Worker paused: Encryption key not yet loaded. Please log in via Web UI.","timestamp":"2026-04-30 09:47:17"}
{"level":"info","message":"Encryption key loaded into memory via IPC.","timestamp":"2026-04-30 09:47:22"}
{"level":"info","message":"[2026-04-30T09:47:57.716Z] Starting polling cycle...","timestamp":"2026-04-30 09:47:57"}
{"level":"info","message":"Skipping cycle: No GitHub Token configured anywhere.","timestamp":"2026-04-30 09:47:57"}
{"level":"info","message":"[2026-04-30T09:48:57.716Z] Starting polling cycle...","timestamp":"2026-04-30 09:48:57"}
{"level":"info","message":"Skipping cycle: No GitHub Token configured anywhere.","timestamp":"2026-04-30 09:48:57"}
{"level":"info","message":"[2026-04-30T09:49:57.716Z] Starting polling cycle...","timestamp":"2026-04-30 09:49:57"}
{"level":"info","message":"Skipping cycle: No GitHub Token configured anywhere.","timestamp":"2026-04-30 09:49:57"}
{"level":"info","message":"[2026-04-30T09:50:57.716Z] Starting polling cycle...","timestamp":"2026-04-30 09:50:57"}
{"level":"info","message":"Skipping cycle: No GitHub Token configured anywhere.","timestamp":"2026-04-30 09:50:57"}
{"level":"info","message":"[2026-04-30T09:51:57.716Z] Starting polling cycle...","timestamp":"2026-04-30 09:51:57"}
{"level":"info","message":"Skipping cycle: No GitHub Token configured anywhere.","timestamp":"2026-04-30 09:51:57"}
{"level":"info","message":"[2026-04-30T09:52:57.717Z] Starting polling cycle...","timestamp":"2026-04-30 09:52:57"}
{"level":"info","message":"Skipping cycle: No GitHub Token configured anywhere.","timestamp":"2026-04-30 09:52:57"}
{"level":"info","message":"[2026-04-30T09:53:57.718Z] Starting polling cycle...","timestamp":"2026-04-30 09:53:57"}
{"level":"info","message":"Skipping cycle: No GitHub Token configured anywhere.","timestamp":"2026-04-30 09:53:57"}
{"level":"info","message":"[2026-04-30T09:54:57.719Z] Starting polling cycle...","timestamp":"2026-04-30 09:54:57"}
{"level":"info","message":"Skipping cycle: No GitHub Token configured anywhere.","timestamp":"2026-04-30 09:54:57"}
{"level":"info","message":"[2026-04-30T09:55:57.719Z] Starting polling cycle...","timestamp":"2026-04-30 09:55:57"}
{"level":"info","message":"Skipping cycle: No GitHub Token configured anywhere.","timestamp":"2026-04-30 09:55:57"}
{"level":"info","message":"[2026-04-30T09:56:57.719Z] Starting polling cycle...","timestamp":"2026-04-30 09:56:57"}
{"level":"info","message":"Skipping cycle: No GitHub Token configured anywhere.","timestamp":"2026-04-30 09:56:57"}
{"level":"info","message":"[2026-04-30T09:57:57.719Z] Starting polling cycle...","timestamp":"2026-04-30 09:57:57"}
{"level":"info","message":"Skipping cycle: No GitHub Token configured anywhere.","timestamp":"2026-04-30 09:57:57"}
{"level":"info","message":"[2026-04-30T09:58:57.719Z] Starting polling cycle...","timestamp":"2026-04-30 09:58:57"}
{"level":"info","message":"Skipping cycle: No GitHub Token configured anywhere.","timestamp":"2026-04-30 09:58:57"}
{"level":"info","message":"[2026-04-30T09:59:57.721Z] Starting polling cycle...","timestamp":"2026-04-30 09:59:57"}
{"level":"info","message":"Skipping cycle: No GitHub Token configured anywhere.","timestamp":"2026-04-30 09:59:57"}
{"level":"info","message":"[2026-04-30T10:00:57.721Z] Starting polling cycle...","timestamp":"2026-04-30 10:00:57"}
{"level":"info","message":"Skipping cycle: No GitHub Token configured anywhere.","timestamp":"2026-04-30 10:00:57"}
{"level":"info","message":"Cleaning up any stuck processing sessions from previous runs...","timestamp":"2026-04-30 10:31:59"}
{"level":"info","message":"Worker IPC server listening on 127.0.0.1:3001","timestamp":"2026-04-30 10:31:59"}
{"level":"info","message":"Starting worker with polling interval: 60s","timestamp":"2026-04-30 10:31:59"}
{"level":"info","message":"[2026-04-30T10:31:59.736Z] Starting polling cycle...","timestamp":"2026-04-30 10:31:59"}
{"level":"warn","message":"Worker paused: Encryption key not yet loaded. Please log in via Web UI.","timestamp":"2026-04-30 10:31:59"}
{"level":"info","message":"Skipping cycle: No GitHub Token configured anywhere.","timestamp":"2026-04-30 10:31:59"}
{"level":"warn","message":"Worker paused: Encryption key not yet loaded. Please log in via Web UI.","timestamp":"2026-04-30 10:32:04"}
{"level":"warn","message":"Worker paused: Encryption key not yet loaded. Please log in via Web UI.","timestamp":"2026-04-30 10:32:09"}
{"level":"warn","message":"Worker paused: Encryption key not yet loaded. Please log in via Web UI.","timestamp":"2026-04-30 10:32:14"}
{"level":"warn","message":"Worker paused: Encryption key not yet loaded. Please log in via Web UI.","timestamp":"2026-04-30 10:32:19"}
{"level":"warn","message":"Worker paused: Encryption key not yet loaded. Please log in via Web UI.","timestamp":"2026-04-30 10:32:24"}
{"level":"warn","message":"Worker paused: Encryption key not yet loaded. Please log in via Web UI.","timestamp":"2026-04-30 10:32:29"}
{"level":"warn","message":"Worker paused: Encryption key not yet loaded. Please log in via Web UI.","timestamp":"2026-04-30 10:32:34"}
{"level":"warn","message":"Worker paused: Encryption key not yet loaded. Please log in via Web UI.","timestamp":"2026-04-30 10:32:39"}
{"level":"warn","message":"Worker paused: Encryption key not yet loaded. Please log in via Web UI.","timestamp":"2026-04-30 10:32:44"}
{"level":"warn","message":"Worker paused: Encryption key not yet loaded. Please log in via Web UI.","timestamp":"2026-04-30 10:32:49"}
{"level":"warn","message":"Worker paused: Encryption key not yet loaded. Please log in via Web UI.","timestamp":"2026-04-30 10:32:54"}
{"level":"warn","message":"Worker paused: Encryption key not yet loaded. Please log in via Web UI.","timestamp":"2026-04-30 10:32:59"}
{"level":"info","message":"[2026-04-30T10:32:59.736Z] Starting polling cycle...","timestamp":"2026-04-30 10:32:59"}
{"level":"warn","message":"Worker paused: Encryption key not yet loaded. Please log in via Web UI.","timestamp":"2026-04-30 10:32:59"}
{"level":"info","message":"Skipping cycle: No GitHub Token configured anywhere.","timestamp":"2026-04-30 10:32:59"}
{"level":"info","message":"Encryption key loaded into memory via IPC.","timestamp":"2026-04-30 10:33:00"}
{"level":"info","message":"[2026-04-30T10:33:59.736Z] Starting polling cycle...","timestamp":"2026-04-30 10:33:59"}
{"level":"info","message":"Skipping cycle: No GitHub Token configured anywhere.","timestamp":"2026-04-30 10:33:59"}
